<?xml version="1.0" encoding="UTF-8"?>
<testng-results ignored="0" total="2" passed="2" failed="0" skipped="0">
  <reporter-output>
  </reporter-output>
  <suite started-at="2022-12-17T21:46:36 IST" name="Default suite" finished-at="2022-12-17T21:46:46 IST" duration-ms="9819">
    <groups>
    </groups>
    <test started-at="2022-12-17T21:46:36 IST" name="Default test" finished-at="2022-12-17T21:46:46 IST" duration-ms="9819">
      <class name="StepDefinitions.CsquareCustomerOrder_IGST">
        <test-method signature="C2order()[pri:1, instance:StepDefinitions.CsquareCustomerOrder_IGST@4466af20]" started-at="2022-12-17T21:46:36 IST" name="C2order" finished-at="2022-12-17T21:46:45 IST" duration-ms="8807" status="PASS">
          <reporter-output>
          </reporter-output>
        </test-method> <!-- C2order -->
        <test-method signature="generatepicklist()[pri:2, instance:StepDefinitions.CsquareCustomerOrder_IGST@4466af20]" started-at="2022-12-17T21:46:45 IST" name="generatepicklist" finished-at="2022-12-17T21:46:46 IST" duration-ms="799" status="PASS">
          <reporter-output>
          </reporter-output>
        </test-method> <!-- generatepicklist -->
      </class> <!-- StepDefinitions.CsquareCustomerOrder_IGST -->
    </test> <!-- Default test -->
  </suite> <!-- Default suite -->
</testng-results>
